<?xml version="1.0" encoding="UTF-8"?>
<!-- Generated by org.testng.reporters.JUnitXMLReporter -->
<testsuite ignored="9" hostname="LAPTOP-EEAS1CV9" failures="0" tests="6" name="Test" time="36.601" errors="0" timestamp="05 Dec 2024 05:24:13 GMT">
  <testcase classname="com.Demowebshop.tescripts.InvalidLoginTest" name="invalidLogin" time="3.338"/>
  <testcase classname="com.Demowebshop.tescripts.InvalidLoginTest" name="invalidLogin" time="2.067"/>
  <testcase classname="com.Demowebshop.tescripts.InvalidLoginTest" name="invalidLogin" time="1.827"/>
  <testcase classname="com.Demowebshop.tescripts.InvalidLoginTest" name="invalidLogin" time="2.593"/>
  <testcase classname="com.Demowebshop.tescripts.InvalidLoginTest" name="invalidLogin" time="1.574"/>
  <testcase classname="com.Demowebshop.tescripts.LoginTest" name="login" time="1.741"/>
  <testcase classname="com.Demowebshop.genericlib.BaseTest" name="@BeforeSuite toCloseServer" time="0.0">
    <ignored/>
  </testcase> <!-- @BeforeSuite toCloseServer -->
  <testcase classname="com.Demowebshop.genericlib.BaseTest" name="@BeforeSuite toCloseServer" time="0.0">
    <ignored/>
  </testcase> <!-- @BeforeSuite toCloseServer -->
  <testcase classname="com.Demowebshop.tescripts.RegisterTest" name="register" time="0.0">
    <ignored/>
  </testcase> <!-- register -->
  <testcase classname="com.Demowebshop.genericlib.BaseTest" name="@AfterSuite toConnectServer" time="0.0">
    <ignored/>
  </testcase> <!-- @AfterSuite toConnectServer -->
  <testcase classname="com.Demowebshop.genericlib.BaseTest" name="@AfterSuite toConnectServer" time="0.0">
    <ignored/>
  </testcase> <!-- @AfterSuite toConnectServer -->
  <testcase classname="com.Demowebshop.genericlib.BaseTest" name="@AfterTest toCloseDatabase" time="0.0">
    <ignored/>
  </testcase> <!-- @AfterTest toCloseDatabase -->
  <testcase classname="com.Demowebshop.genericlib.BaseTest" name="@AfterTest toCloseDatabase" time="0.0">
    <ignored/>
  </testcase> <!-- @AfterTest toCloseDatabase -->
  <testcase classname="com.Demowebshop.genericlib.BaseTest" name="@BeforeTest toConnectDatabase" time="0.0">
    <ignored/>
  </testcase> <!-- @BeforeTest toConnectDatabase -->
  <testcase classname="com.Demowebshop.genericlib.BaseTest" name="@BeforeTest toConnectDatabase" time="0.0">
    <ignored/>
  </testcase> <!-- @BeforeTest toConnectDatabase -->
</testsuite> <!-- Test -->
