<?xml version="1.0" encoding="UTF-8"?>
<!-- Generated by org.testng.reporters.JUnitXMLReporter -->
<testsuite ignored="0" hostname="LAPTOP-EEAS1CV9" failures="0" tests="5" name="Test2" time="22.741" errors="0" timestamp="05 Dec 2024 05:15:47 GMT">
  <testcase classname="com.Demowebshop.tescripts.InvalidLoginTest" name="invalidLogin" time="2.641"/>
  <testcase classname="com.Demowebshop.tescripts.InvalidLoginTest" name="invalidLogin" time="1.978"/>
  <testcase classname="com.Demowebshop.tescripts.InvalidLoginTest" name="invalidLogin" time="1.553"/>
  <testcase classname="com.Demowebshop.tescripts.InvalidLoginTest" name="invalidLogin" time="2.311"/>
  <testcase classname="com.Demowebshop.tescripts.InvalidLoginTest" name="invalidLogin" time="1.577"/>
</testsuite> <!-- Test2 -->
