<?xml version="1.0" encoding="UTF-8"?>
<!-- Generated by org.testng.reporters.JUnitXMLReporter -->
<testsuite ignored="0" hostname="LAPTOP-EEAS1CV9" failures="0" tests="5" name="Default test" time="15.945" errors="0" timestamp="04 Dec 2024 05:24:28 GMT">
  <testcase classname="com.Demowebshop.tescripts.InvalidLoginTest" name="invalidLogin" time="1.646"/>
  <testcase classname="com.Demowebshop.tescripts.InvalidLoginTest" name="invalidLogin" time="1.6"/>
  <testcase classname="com.Demowebshop.tescripts.InvalidLoginTest" name="invalidLogin" time="1.525"/>
  <testcase classname="com.Demowebshop.tescripts.InvalidLoginTest" name="invalidLogin" time="1.391"/>
  <testcase classname="com.Demowebshop.tescripts.InvalidLoginTest" name="invalidLogin" time="1.871"/>
</testsuite> <!-- Default test -->
