<?xml version="1.0" encoding="UTF-8"?>
<testng-results ignored="0" total="1" passed="0" failed="1" skipped="0">
  <reporter-output>
    <line>
      <![CDATA[Server connected successfully]]>
    </line>
    <line>
      <![CDATA[Database connected successfully]]>
    </line>
    <line>
      <![CDATA[Launching chrome successfully]]>
    </line>
    <line>
      <![CDATA[Test started]]>
    </line>
    <line>
      <![CDATA[Screenshot taken successfully]]>
    </line>
    <line>
      <![CDATA[Browser closed successfully]]>
    </line>
    <line>
      <![CDATA[database closed sucessfully]]>
    </line>
    <line>
      <![CDATA[server closed successfully]]>
    </line>
  </reporter-output>
  <suite started-at="2024-12-07T05:18:00Z" name="Default suite" finished-at="2024-12-07T05:18:11Z" duration-ms="11016">
    <groups>
      <group name="FT">
        <method signature="LoginTest.login()[pri:0, instance:com.Demowebshop.tescripts.LoginTest@4f3bbf68]" name="login" class="com.Demowebshop.tescripts.LoginTest"/>
      </group> <!-- FT -->
    </groups>
    <test started-at="2024-12-07T05:18:00Z" name="Default test" finished-at="2024-12-07T05:18:11Z" duration-ms="11016">
      <class name="com.Demowebshop.tescripts.LoginTest">
        <test-method is-config="true" signature="toCloseServer()[pri:0, instance:com.Demowebshop.tescripts.LoginTest@4f3bbf68]" started-at="2024-12-07T05:18:00Z" name="toCloseServer" finished-at="2024-12-07T05:18:00Z" duration-ms="40" status="PASS">
          <reporter-output>
            <line>
              <![CDATA[Server connected successfully]]>
            </line>
          </reporter-output>
        </test-method> <!-- toCloseServer -->
        <test-method is-config="true" signature="toConnectDatabase()[pri:0, instance:com.Demowebshop.tescripts.LoginTest@4f3bbf68]" started-at="2024-12-07T05:18:00Z" name="toConnectDatabase" finished-at="2024-12-07T05:18:00Z" duration-ms="2" status="PASS">
          <reporter-output>
            <line>
              <![CDATA[Database connected successfully]]>
            </line>
          </reporter-output>
        </test-method> <!-- toConnectDatabase -->
        <test-method is-config="true" signature="toLaunchBrowser(java.lang.String)[pri:0, instance:com.Demowebshop.tescripts.LoginTest@4f3bbf68]" started-at="2024-12-07T05:18:00Z" name="toLaunchBrowser" finished-at="2024-12-07T05:18:06Z" duration-ms="6211" status="PASS">
          <params>
            <param index="0">
              <value>
                <![CDATA[chrome]]>
              </value>
            </param>
          </params>
          <reporter-output>
            <line>
              <![CDATA[Launching chrome successfully]]>
            </line>
          </reporter-output>
        </test-method> <!-- toLaunchBrowser -->
        <test-method signature="login()[pri:0, instance:com.Demowebshop.tescripts.LoginTest@4f3bbf68]" started-at="2024-12-07T05:18:06Z" name="login" finished-at="2024-12-07T05:18:10Z" duration-ms="3882" status="FAIL">
          <exception class="java.lang.AssertionError">
            <message>
              <![CDATA[The following asserts failed:
expected [hbdfhjbdshbdbch] but found [Demo Web Shop. Login]]]>
            </message>
            <full-stacktrace>
              <![CDATA[java.lang.AssertionError: The following asserts failed:
expected [hbdfhjbdshbdbch] but found [Demo Web Shop. Login]
at org.testng.asserts.SoftAssert.assertAll(SoftAssert.java:43)
at com.Demowebshop.tescripts.LoginTest.login(LoginTest.java:44)
at java.base/jdk.internal.reflect.DirectMethodHandleAccessor.invoke(DirectMethodHandleAccessor.java:104)
at java.base/java.lang.reflect.Method.invoke(Method.java:578)
at org.testng.internal.MethodInvocationHelper.invokeMethod(MethodInvocationHelper.java:124)
at org.testng.internal.Invoker.invokeMethod(Invoker.java:583)
at org.testng.internal.Invoker.invokeTestMethod(Invoker.java:719)
at org.testng.internal.Invoker.invokeTestMethods(Invoker.java:989)
at org.testng.internal.TestMethodWorker.invokeTestMethods(TestMethodWorker.java:125)
at org.testng.internal.TestMethodWorker.run(TestMethodWorker.java:109)
at org.testng.TestRunner.privateRun(TestRunner.java:648)
at org.testng.TestRunner.run(TestRunner.java:505)
at org.testng.SuiteRunner.runTest(SuiteRunner.java:455)
at org.testng.SuiteRunner.runSequentially(SuiteRunner.java:450)
at org.testng.SuiteRunner.privateRun(SuiteRunner.java:415)
at org.testng.SuiteRunner.run(SuiteRunner.java:364)
at org.testng.SuiteRunnerWorker.runSuite(SuiteRunnerWorker.java:52)
at org.testng.SuiteRunnerWorker.run(SuiteRunnerWorker.java:84)
at org.testng.TestNG.runSuitesSequentially(TestNG.java:1208)
at org.testng.TestNG.runSuitesLocally(TestNG.java:1137)
at org.testng.TestNG.runSuites(TestNG.java:1049)
at org.testng.TestNG.run(TestNG.java:1017)
at org.testng.remote.AbstractRemoteTestNG.run(AbstractRemoteTestNG.java:115)
at org.testng.remote.RemoteTestNG.initAndRun(RemoteTestNG.java:293)
at org.testng.remote.RemoteTestNG.main(RemoteTestNG.java:91)
]]>
            </full-stacktrace>
          </exception> <!-- java.lang.AssertionError -->
          <reporter-output>
            <line>
              <![CDATA[Test started]]>
            </line>
            <line>
              <![CDATA[Screenshot taken successfully]]>
            </line>
          </reporter-output>
        </test-method> <!-- login -->
        <test-method is-config="true" signature="toCloseBrowser()[pri:0, instance:com.Demowebshop.tescripts.LoginTest@4f3bbf68]" started-at="2024-12-07T05:18:10Z" name="toCloseBrowser" finished-at="2024-12-07T05:18:11Z" duration-ms="479" status="PASS">
          <reporter-output>
            <line>
              <![CDATA[Browser closed successfully]]>
            </line>
          </reporter-output>
        </test-method> <!-- toCloseBrowser -->
        <test-method is-config="true" signature="toCloseDatabase()[pri:0, instance:com.Demowebshop.tescripts.LoginTest@4f3bbf68]" started-at="2024-12-07T05:18:11Z" name="toCloseDatabase" finished-at="2024-12-07T05:18:11Z" duration-ms="1" status="PASS">
          <reporter-output>
            <line>
              <![CDATA[database closed sucessfully]]>
            </line>
          </reporter-output>
        </test-method> <!-- toCloseDatabase -->
        <test-method is-config="true" signature="toConnectServer()[pri:0, instance:com.Demowebshop.tescripts.LoginTest@4f3bbf68]" started-at="2024-12-07T05:18:11Z" name="toConnectServer" finished-at="2024-12-07T05:18:11Z" duration-ms="1" status="PASS">
          <reporter-output>
            <line>
              <![CDATA[server closed successfully]]>
            </line>
          </reporter-output>
        </test-method> <!-- toConnectServer -->
      </class> <!-- com.Demowebshop.tescripts.LoginTest -->
    </test> <!-- Default test -->
  </suite> <!-- Default suite -->
</testng-results>
